<?xml version="1.0" encoding="UTF-8"?>
<!-- Generated by org.testng.reporters.JUnitXMLReporter -->
<testsuite ignored="0" hostname="SAVI" failures="0" tests="4" name="Test" time="47.859" errors="0" timestamp="2026-04-15T16:13:27 IST">
  <testcase classname="testCases.TC001_AccountRegistrationTest" name="verify_Account_Registration" time="5.404"/>
  <testcase classname="testCases.TC002_LoginTest" name="verify_loginPage" time="2.165"/>
  <testcase classname="testCases.TC006_ShoppingCartTest" name="verifyShoppingCart" time="10.488"/>
  <testcase classname="testCases.TC007_CheckoutPageTest" name="verifyCheckoutPage" time="16.677"/>
</testsuite> <!-- Test -->
