<?xml version="1.0" encoding="UTF-8"?>
<!-- Generated by org.testng.reporters.JUnitXMLReporter -->
<testsuite ignored="0" hostname="SAVI" failures="0" tests="4" name="Test" time="38.333" errors="0" timestamp="2026-04-21T14:49:16 IST">
  <testcase classname="testCases.TC001_AccountRegistrationTest" name="verify_Account_Registration" time="4.427"/>
  <testcase classname="testCases.TC002_LoginTest" name="verify_loginPage" time="1.876"/>
  <testcase classname="testCases.TC006_ShoppingCartTest" name="verifyShoppingCart" time="8.614"/>
  <testcase classname="testCases.TC007_CheckoutPageTest" name="verifyCheckoutPage" time="12.99"/>
</testsuite> <!-- Test -->
