<?xml version="1.0" encoding="UTF-8"?>
<!-- Generated by org.testng.reporters.JUnitXMLReporter -->
<testsuite ignored="0" hostname="SAVI" failures="0" tests="4" name="Test" time="71.402" errors="0" timestamp="2026-04-08T21:31:52 IST">
  <testcase classname="testCases.TC001_AccountRegistrationTest" name="verify_Account_Registration" time="6.87"/>
  <testcase classname="testCases.TC002_LoginTest" name="verify_loginPage" time="2.676"/>
  <testcase classname="testCases.TC006_ShoppingCartTest" name="verifyShoppingCart" time="17.058"/>
  <testcase classname="testCases.TC007_CheckoutPageTest" name="verifyCheckoutPage" time="24.325"/>
</testsuite> <!-- Test -->
