<?xml version="1.0" encoding="UTF-8"?>
<!-- Generated by org.testng.reporters.JUnitXMLReporter -->
<testsuite ignored="0" hostname="SAVI" failures="1" tests="12" name="Test" time="129.276" errors="0" timestamp="2026-04-15T09:49:24 IST">
  <testcase classname="testCases.TC001_AccountRegistrationTest" name="verify_Account_Registration" time="6.364"/>
  <testcase classname="testCases.TC002_LoginTest" name="verify_loginPage" time="2.651"/>
  <testcase classname="testCases.TC003_HeaderTest" name="verifyHeaderSection" time="3.742"/>
  <testcase classname="testCases.TC004_ProductPageTest" name="verifyProductPage" time="3.832"/>
  <testcase classname="testCases.TC005_PrdctDscptnTest" name="verifyPrdctDscptnPage" time="5.935"/>
  <testcase classname="testCases.TC006_ShoppingCartTest" name="verifyShoppingCart" time="5.101">
    <failure type="java.lang.AssertionError" message="null">
      <![CDATA[java.lang.AssertionError: null
at testCases.TC006_ShoppingCartTest.verifyShoppingCart(TC006_ShoppingCartTest.java:62)
at java.base/java.util.ArrayList.forEach(ArrayList.java:1596)
... Removed 27 stack frames]]>
    </failure>
  </testcase> <!-- verifyShoppingCart -->
  <testcase classname="testCases.TC007_CheckoutPageTest" name="verifyCheckoutPage" time="17.729"/>
  <testcase classname="testCases.TC008_LoginDDT" name="verify_LoginDDT" time="11.618"/>
  <testcase classname="testCases.TC008_LoginDDT" name="verify_LoginDDT" time="2.791"/>
  <testcase classname="testCases.TC008_LoginDDT" name="verify_LoginDDT" time="11.461"/>
  <testcase classname="testCases.TC008_LoginDDT" name="verify_LoginDDT" time="11.072"/>
  <testcase classname="testCases.TC008_LoginDDT" name="verify_LoginDDT" time="11.484"/>
</testsuite> <!-- Test -->
