<?xml version="1.0" encoding="UTF-8"?>
<!-- Generated by org.testng.reporters.JUnitXMLReporter -->
<testsuite ignored="0" hostname="SAVI" failures="0" tests="7" name="Test" time="62.215" errors="0" timestamp="2026-03-31T21:05:51 IST">
  <testcase classname="testCases.TC001_AccountRegistrationTest" name="verify_Account_Registration" time="5.652"/>
  <testcase classname="testCases.TC002_LoginTest" name="verify_loginPage" time="2.116"/>
  <testcase classname="testCases.TC003_HeaderTest" name="verifyHeaderSection" time="2.692"/>
  <testcase classname="testCases.TC004_ProductPageTest" name="verifyProductPage" time="3.274"/>
  <testcase classname="testCases.TC005_PrdctDscptnTest" name="verifyPrdctDscptnPage" time="5.022"/>
  <testcase classname="testCases.TC006_ShoppingCartTest" name="verifyShoppingCart" time="8.571"/>
  <testcase classname="testCases.TC007_CheckoutPageTest" name="verifyCheckoutPage" time="14.338"/>
</testsuite> <!-- Test -->
