<?xml version="1.0" encoding="UTF-8"?>
<testsuite xmlns:xsi="http://www.w3.org/2001/XMLSchema-instance" xsi:noNamespaceSchemaLocation="https://maven.apache.org/surefire/maven-surefire-plugin/xsd/surefire-test-report.xsd" version="3.0.2" name="TestSuite" time="26.945" tests="4" errors="0" skipped="0" failures="1" flakes="0">
  <properties>
[...]
</properties>
  <testcase name="verify_Account_Registration" classname="testCases.TC001_AccountRegistrationTest" time="4.045">
    <system-out><![CDATA[14:09:31 [main] INFO  testCases.TC001_AccountRegistrationTest - *****Starting TC001_AccountRegistrationTest*****
14:09:35 [main] INFO  testCases.TC001_AccountRegistrationTest - *** Finished TC001_AccountRegistrationTest ***
]]></system-out>
    <system-err><![CDATA[2026-04-13T08:39:28.713124800Z main INFO Starting configuration XmlConfiguration[location=D:\Automation Files\Automation Project\Opencart\target\test-classes\log4j2.xml, lastModified=2026-04-13T08:15:51.827Z]...
2026-04-13T08:39:28.713124800Z main INFO Configuration XmlConfiguration[location=D:\Automation Files\Automation Project\Opencart\target\test-classes\log4j2.xml, lastModified=2026-04-13T08:15:51.827Z] started.
2026-04-13T08:39:28.718241100Z main INFO Stopping configuration org.apache.logging.log4j.core.config.DefaultConfiguration@65466a6a...
2026-04-13T08:39:28.718241100Z main INFO Configuration org.apache.logging.log4j.core.config.DefaultConfiguration@65466a6a stopped.
Apr 13, 2026 2:09:30 PM org.openqa.selenium.devtools.CdpVersionFinder findNearestMatch
WARNING: Unable to find an exact match for CDP version 146, returning the closest version; found: 145; Please update to a Selenium version that supports CDP version 146
]]></system-err>
  </testcase>
  <testcase name="verify_loginPage" classname="testCases.TC002_LoginTest" time="1.627">
    <system-out><![CDATA[14:09:37 [main] INFO  testCases.TC002_LoginTest - **Starting TC002_LoginTest**
14:09:39 [main] INFO  testCases.TC002_LoginTest - **Finished TC002_LoginTest**
]]></system-out>
    <system-err><![CDATA[Apr 13, 2026 2:09:36 PM org.openqa.selenium.devtools.CdpVersionFinder findNearestMatch
WARNING: Unable to find an exact match for CDP version 146, returning the closest version; found: 145; Please update to a Selenium version that supports CDP version 146
]]></system-err>
  </testcase>
  <testcase name="verifyShoppingCart" classname="testCases.TC006_ShoppingCartTest" time="8.124">
    <system-out><![CDATA[14:09:41 [main] INFO  testCases.TC006_ShoppingCartTest - ******** Starting TC006_ShoppingCartTest ********
14:09:49 [main] INFO  testCases.TC006_ShoppingCartTest - ******** Finished TC006_ShoppingCartTest ********
]]></system-out>
    <system-err><![CDATA[Apr 13, 2026 2:09:40 PM org.openqa.selenium.devtools.CdpVersionFinder findNearestMatch
WARNING: Unable to find an exact match for CDP version 146, returning the closest version; found: 145; Please update to a Selenium version that supports CDP version 146
]]></system-err>
  </testcase>
  <testcase name="verifyCheckoutPage" classname="testCases.TC007_CheckoutPageTest" time="1.737">
    <failure message="null" type="java.lang.AssertionError"><![CDATA[java.lang.AssertionError: null
	at org.testng.Assert.fail(Assert.java:111)
	at org.testng.Assert.fail(Assert.java:116)
	at testCases.TC007_CheckoutPageTest.verifyCheckoutPage(TC007_CheckoutPageTest.java:82)
	at java.base/jdk.internal.reflect.DirectMethodHandleAccessor.invoke(DirectMethodHandleAccessor.java:103)
	at java.base/java.lang.reflect.Method.invoke(Method.java:580)
	at org.testng.internal.invokers.MethodInvocationHelper.invokeMethod(MethodInvocationHelper.java:141)
	at org.testng.internal.invokers.TestInvoker.invokeMethod(TestInvoker.java:697)
	at org.testng.internal.invokers.TestInvoker.invokeTestMethod(TestInvoker.java:230)
	at org.testng.internal.invokers.MethodRunner.runInSequence(MethodRunner.java:63)
	at org.testng.internal.invokers.TestInvoker$MethodInvocationAgent.invoke(TestInvoker.java:1005)
	at org.testng.internal.invokers.TestInvoker.invokeTestMethods(TestInvoker.java:203)
	at org.testng.internal.invokers.TestMethodWorker.invokeTestMethods(TestMethodWorker.java:154)
	at org.testng.internal.invokers.TestMethodWorker.run(TestMethodWorker.java:134)
	at java.base/java.util.ArrayList.forEach(ArrayList.java:1597)
	at org.testng.TestRunner.privateRun(TestRunner.java:744)
	at org.testng.TestRunner.run(TestRunner.java:616)
	at org.testng.SuiteRunner.runTest(SuiteRunner.java:421)
	at org.testng.SuiteRunner.runSequentially(SuiteRunner.java:413)
	at org.testng.SuiteRunner.privateRun(SuiteRunner.java:373)
	at org.testng.SuiteRunner.run(SuiteRunner.java:312)
	at org.testng.SuiteRunnerWorker.runSuite(SuiteRunnerWorker.java:52)
	at org.testng.SuiteRunnerWorker.run(SuiteRunnerWorker.java:95)
	at org.testng.TestNG.runSuitesSequentially(TestNG.java:1274)
	at org.testng.TestNG.runSuitesLocally(TestNG.java:1208)
	at org.testng.TestNG.runSuites(TestNG.java:1112)
	at org.testng.TestNG.run(TestNG.java:1079)
	at org.apache.maven.surefire.testng.TestNGExecutor.run(TestNGExecutor.java:308)
	at org.apache.maven.surefire.testng.TestNGXmlTestSuite.execute(TestNGXmlTestSuite.java:71)
	at org.apache.maven.surefire.testng.TestNGProvider.invoke(TestNGProvider.java:113)
	at org.apache.maven.surefire.booter.ForkedBooter.runSuitesInProcess(ForkedBooter.java:385)
	at org.apache.maven.surefire.booter.ForkedBooter.execute(ForkedBooter.java:162)
	at org.apache.maven.surefire.booter.ForkedBooter.run(ForkedBooter.java:507)
	at org.apache.maven.surefire.booter.ForkedBooter.main(ForkedBooter.java:495)
]]></failure>
    <system-out><![CDATA[14:09:51 [main] INFO  testCases.TC007_CheckoutPageTest - ******** Starting TC007_CheckoutPageTest ********
]]></system-out>
    <system-err><![CDATA[Apr 13, 2026 2:09:50 PM org.openqa.selenium.devtools.CdpVersionFinder findNearestMatch
WARNING: Unable to find an exact match for CDP version 146, returning the closest version; found: 145; Please update to a Selenium version that supports CDP version 146
]]></system-err>
  </testcase>
</testsuite>