<?xml version="1.0" encoding="UTF-8"?>
<testng-results ignored="0" total="4" passed="4" failed="0" skipped="0">
  <reporter-output>
  </reporter-output>
  <suite started-at="2026-04-21T14:48:36 IST" name="Master Suite" finished-at="2026-04-21T14:49:15 IST" duration-ms="38333">
    <groups>
      <group name="Regession">
        <method signature="TC002_LoginTest.verify_loginPage()[pri:0, instance:testCases.TC002_LoginTest@2fd953a6]" name="verify_loginPage" class="testCases.TC002_LoginTest"/>
      </group> <!-- Regession -->
      <group name="Master">
        <method signature="TC001_AccountRegistrationTest.verify_Account_Registration()[pri:0, instance:testCases.TC001_AccountRegistrationTest@10a9d961]" name="verify_Account_Registration" class="testCases.TC001_AccountRegistrationTest"/>
      </group> <!-- Master -->
      <group name="Sanity">
        <method signature="TC006_ShoppingCartTest.verifyShoppingCart()[pri:0, instance:testCases.TC006_ShoppingCartTest@a4add54]" name="verifyShoppingCart" class="testCases.TC006_ShoppingCartTest"/>
      </group> <!-- Sanity -->
      <group name="Regression">
        <method signature="TC007_CheckoutPageTest.verifyCheckoutPage()[pri:0, instance:testCases.TC007_CheckoutPageTest@141e5bef]" name="verifyCheckoutPage" class="testCases.TC007_CheckoutPageTest"/>
      </group> <!-- Regression -->
      <group name="Smoke">
        <method signature="TC002_LoginTest.verify_loginPage()[pri:0, instance:testCases.TC002_LoginTest@2fd953a6]" name="verify_loginPage" class="testCases.TC002_LoginTest"/>
        <method signature="TC007_CheckoutPageTest.verifyCheckoutPage()[pri:0, instance:testCases.TC007_CheckoutPageTest@141e5bef]" name="verifyCheckoutPage" class="testCases.TC007_CheckoutPageTest"/>
      </group> <!-- Smoke -->
    </groups>
    <test started-at="2026-04-21T14:48:36 IST" name="Test" finished-at="2026-04-21T14:49:15 IST" duration-ms="38333">
      <class name="testCases.TC002_LoginTest">
        <test-method is-config="true" signature="setup(java.lang.String,java.lang.String)[pri:0, instance:testCases.TC002_LoginTest@2fd953a6]" started-at="2026-04-21T14:48:44 IST" name="setup" finished-at="2026-04-21T14:48:47 IST" duration-ms="2241" status="PASS">
          <params>
            <param index="0">
              <value>
                <![CDATA[Windows]]>
              </value>
            </param>
            <param index="1">
              <value>
                <![CDATA[chrome]]>
              </value>
            </param>
          </params>
          <reporter-output>
          </reporter-output>
        </test-method> <!-- setup -->
        <test-method signature="verify_loginPage()[pri:0, instance:testCases.TC002_LoginTest@2fd953a6]" started-at="2026-04-21T14:48:47 IST" name="verify_loginPage" finished-at="2026-04-21T14:48:49 IST" duration-ms="1876" status="PASS">
          <reporter-output>
          </reporter-output>
        </test-method> <!-- verify_loginPage -->
        <test-method is-config="true" signature="tearDown()[pri:0, instance:testCases.TC002_LoginTest@2fd953a6]" started-at="2026-04-21T14:48:49 IST" name="tearDown" finished-at="2026-04-21T14:48:49 IST" duration-ms="282" status="PASS">
          <reporter-output>
          </reporter-output>
        </test-method> <!-- tearDown -->
      </class> <!-- testCases.TC002_LoginTest -->
      <class name="testCases.TC006_ShoppingCartTest">
        <test-method is-config="true" signature="setup(java.lang.String,java.lang.String)[pri:0, instance:testCases.TC006_ShoppingCartTest@a4add54]" started-at="2026-04-21T14:48:49 IST" name="setup" finished-at="2026-04-21T14:48:51 IST" duration-ms="2012" status="PASS">
          <params>
            <param index="0">
              <value>
                <![CDATA[Windows]]>
              </value>
            </param>
            <param index="1">
              <value>
                <![CDATA[chrome]]>
              </value>
            </param>
          </params>
          <reporter-output>
          </reporter-output>
        </test-method> <!-- setup -->
        <test-method signature="verifyShoppingCart()[pri:0, instance:testCases.TC006_ShoppingCartTest@a4add54]" started-at="2026-04-21T14:48:51 IST" name="verifyShoppingCart" finished-at="2026-04-21T14:48:59 IST" duration-ms="8614" status="PASS">
          <reporter-output>
          </reporter-output>
        </test-method> <!-- verifyShoppingCart -->
        <test-method is-config="true" signature="tearDown()[pri:0, instance:testCases.TC006_ShoppingCartTest@a4add54]" started-at="2026-04-21T14:48:59 IST" name="tearDown" finished-at="2026-04-21T14:49:00 IST" duration-ms="270" status="PASS">
          <reporter-output>
          </reporter-output>
        </test-method> <!-- tearDown -->
      </class> <!-- testCases.TC006_ShoppingCartTest -->
      <class name="testCases.TC007_CheckoutPageTest">
        <test-method is-config="true" signature="setup(java.lang.String,java.lang.String)[pri:0, instance:testCases.TC007_CheckoutPageTest@141e5bef]" started-at="2026-04-21T14:49:00 IST" name="setup" finished-at="2026-04-21T14:49:01 IST" duration-ms="1663" status="PASS">
          <params>
            <param index="0">
              <value>
                <![CDATA[Windows]]>
              </value>
            </param>
            <param index="1">
              <value>
                <![CDATA[chrome]]>
              </value>
            </param>
          </params>
          <reporter-output>
          </reporter-output>
        </test-method> <!-- setup -->
        <test-method signature="verifyCheckoutPage()[pri:0, instance:testCases.TC007_CheckoutPageTest@141e5bef]" started-at="2026-04-21T14:49:01 IST" name="verifyCheckoutPage" finished-at="2026-04-21T14:49:14 IST" duration-ms="12990" status="PASS">
          <reporter-output>
          </reporter-output>
        </test-method> <!-- verifyCheckoutPage -->
        <test-method is-config="true" signature="tearDown()[pri:0, instance:testCases.TC007_CheckoutPageTest@141e5bef]" started-at="2026-04-21T14:49:14 IST" name="tearDown" finished-at="2026-04-21T14:49:15 IST" duration-ms="374" status="PASS">
          <reporter-output>
          </reporter-output>
        </test-method> <!-- tearDown -->
      </class> <!-- testCases.TC007_CheckoutPageTest -->
      <class name="testCases.TC001_AccountRegistrationTest">
        <test-method is-config="true" signature="setup(java.lang.String,java.lang.String)[pri:0, instance:testCases.TC001_AccountRegistrationTest@10a9d961]" started-at="2026-04-21T14:48:37 IST" name="setup" finished-at="2026-04-21T14:48:40 IST" duration-ms="2953" status="PASS">
          <params>
            <param index="0">
              <value>
                <![CDATA[Windows]]>
              </value>
            </param>
            <param index="1">
              <value>
                <![CDATA[chrome]]>
              </value>
            </param>
          </params>
          <reporter-output>
          </reporter-output>
        </test-method> <!-- setup -->
        <test-method signature="verify_Account_Registration()[pri:0, instance:testCases.TC001_AccountRegistrationTest@10a9d961]" started-at="2026-04-21T14:48:40 IST" name="verify_Account_Registration" finished-at="2026-04-21T14:48:44 IST" duration-ms="4427" status="PASS">
          <reporter-output>
          </reporter-output>
        </test-method> <!-- verify_Account_Registration -->
        <test-method is-config="true" signature="tearDown()[pri:0, instance:testCases.TC001_AccountRegistrationTest@10a9d961]" started-at="2026-04-21T14:48:44 IST" name="tearDown" finished-at="2026-04-21T14:48:44 IST" duration-ms="356" status="PASS">
          <reporter-output>
          </reporter-output>
        </test-method> <!-- tearDown -->
      </class> <!-- testCases.TC001_AccountRegistrationTest -->
    </test> <!-- Test -->
  </suite> <!-- Master Suite -->
</testng-results>
