<?xml version="1.0" encoding="UTF-8"?>
<testsuite xmlns:xsi="http://www.w3.org/2001/XMLSchema-instance" xsi:noNamespaceSchemaLocation="https://maven.apache.org/surefire/maven-surefire-plugin/xsd/surefire-test-report.xsd" version="3.0.2" name="TestSuite" time="51.324" tests="4" errors="0" skipped="0" failures="0" flakes="0">
  <properties>
[...]
</properties>
  <testcase name="verify_Account_Registration" classname="testCases.TC001_AccountRegistrationTest" time="5.41">
    <system-out><![CDATA[16:12:41 [main] INFO  testCases.TC001_AccountRegistrationTest - *****Starting TC001_AccountRegistrationTest*****
16:12:46 [main] INFO  testCases.TC001_AccountRegistrationTest - *** Finished TC001_AccountRegistrationTest ***
]]></system-out>
    <system-err><![CDATA[2026-04-15T10:42:37.080853800Z main INFO Starting configuration XmlConfiguration[location=D:\Automation Files\Automation Project\Opencart\target\test-classes\log4j2.xml, lastModified=2026-03-31T07:24:03.107Z]...
2026-04-15T10:42:37.086549500Z main INFO Configuration XmlConfiguration[location=D:\Automation Files\Automation Project\Opencart\target\test-classes\log4j2.xml, lastModified=2026-03-31T07:24:03.107Z] started.
2026-04-15T10:42:37.088866300Z main INFO Stopping configuration org.apache.logging.log4j.core.config.DefaultConfiguration@433d61fb...
2026-04-15T10:42:37.088866300Z main INFO Configuration org.apache.logging.log4j.core.config.DefaultConfiguration@433d61fb stopped.
Apr 15, 2026 4:12:40 PM org.openqa.selenium.devtools.CdpVersionFinder findNearestMatch
WARNING: Unable to find an exact match for CDP version 147, returning the closest version; found: 145; Please update to a Selenium version that supports CDP version 147
]]></system-err>
  </testcase>
  <testcase name="verify_loginPage" classname="testCases.TC002_LoginTest" time="2.163">
    <system-out><![CDATA[16:12:49 [main] INFO  testCases.TC002_LoginTest - **Starting TC002_LoginTest**
16:12:51 [main] INFO  testCases.TC002_LoginTest - **Finished TC002_LoginTest**
]]></system-out>
    <system-err><![CDATA[Apr 15, 2026 4:12:48 PM org.openqa.selenium.devtools.CdpVersionFinder findNearestMatch
WARNING: Unable to find an exact match for CDP version 147, returning the closest version; found: 145; Please update to a Selenium version that supports CDP version 147
]]></system-err>
  </testcase>
  <testcase name="verifyShoppingCart" classname="testCases.TC006_ShoppingCartTest" time="10.488">
    <system-out><![CDATA[16:12:54 [main] INFO  testCases.TC006_ShoppingCartTest - ******** Starting TC006_ShoppingCartTest ********
16:13:05 [main] INFO  testCases.TC006_ShoppingCartTest - ******** Finished TC006_ShoppingCartTest ********
]]></system-out>
    <system-err><![CDATA[Apr 15, 2026 4:12:53 PM org.openqa.selenium.devtools.CdpVersionFinder findNearestMatch
WARNING: Unable to find an exact match for CDP version 147, returning the closest version; found: 145; Please update to a Selenium version that supports CDP version 147
]]></system-err>
  </testcase>
  <testcase name="verifyCheckoutPage" classname="testCases.TC007_CheckoutPageTest" time="16.681">
    <system-out><![CDATA[16:13:08 [main] INFO  testCases.TC007_CheckoutPageTest - ******** Starting TC007_CheckoutPageTest ********
16:13:25 [main] INFO  testCases.TC007_CheckoutPageTest - ******** Finished TC007_CheckoutPageTest ********
]]></system-out>
    <system-err><![CDATA[Apr 15, 2026 4:13:06 PM org.openqa.selenium.devtools.CdpVersionFinder findNearestMatch
WARNING: Unable to find an exact match for CDP version 147, returning the closest version; found: 145; Please update to a Selenium version that supports CDP version 147
]]></system-err>
  </testcase>
</testsuite>