<?xml version="1.0" encoding="UTF-8"?>
<testng-results ignored="0" total="12" passed="11" failed="1" skipped="0">
  <reporter-output>
  </reporter-output>
  <suite started-at="2026-04-15T09:47:13 IST" name="Master Suite" finished-at="2026-04-15T09:49:23 IST" duration-ms="129276">
    <groups>
      <group name="Regession">
        <method signature="TC002_LoginTest.verify_loginPage()[pri:0, instance:testCases.TC002_LoginTest@42bc14c1]" name="verify_loginPage" class="testCases.TC002_LoginTest"/>
      </group> <!-- Regession -->
      <group name="Master">
        <method signature="TC001_AccountRegistrationTest.verify_Account_Registration()[pri:0, instance:testCases.TC001_AccountRegistrationTest@2ea6e30c]" name="verify_Account_Registration" class="testCases.TC001_AccountRegistrationTest"/>
      </group> <!-- Master -->
      <group name="datadriven">
        <method signature="TC008_LoginDDT.verify_LoginDDT(java.lang.String,java.lang.String,java.lang.String)[pri:0, instance:testCases.TC008_LoginDDT@74f5ce22]" name="verify_LoginDDT" class="testCases.TC008_LoginDDT"/>
      </group> <!-- datadriven -->
      <group name="Sanity">
        <method signature="TC003_HeaderTest.verifyHeaderSection()[pri:0, instance:testCases.TC003_HeaderTest@531f4093]" name="verifyHeaderSection" class="testCases.TC003_HeaderTest"/>
        <method signature="TC004_ProductPageTest.verifyProductPage()[pri:0, instance:testCases.TC004_ProductPageTest@62ef27a8]" name="verifyProductPage" class="testCases.TC004_ProductPageTest"/>
        <method signature="TC005_PrdctDscptnTest.verifyPrdctDscptnPage()[pri:0, instance:testCases.TC005_PrdctDscptnTest@6436a7db]" name="verifyPrdctDscptnPage" class="testCases.TC005_PrdctDscptnTest"/>
        <method signature="TC006_ShoppingCartTest.verifyShoppingCart()[pri:0, instance:testCases.TC006_ShoppingCartTest@460ebd80]" name="verifyShoppingCart" class="testCases.TC006_ShoppingCartTest"/>
      </group> <!-- Sanity -->
      <group name="Regression">
        <method signature="TC007_CheckoutPageTest.verifyCheckoutPage()[pri:0, instance:testCases.TC007_CheckoutPageTest@6f3c660a]" name="verifyCheckoutPage" class="testCases.TC007_CheckoutPageTest"/>
      </group> <!-- Regression -->
      <group name="Smoke">
        <method signature="TC002_LoginTest.verify_loginPage()[pri:0, instance:testCases.TC002_LoginTest@42bc14c1]" name="verify_loginPage" class="testCases.TC002_LoginTest"/>
        <method signature="TC007_CheckoutPageTest.verifyCheckoutPage()[pri:0, instance:testCases.TC007_CheckoutPageTest@6f3c660a]" name="verifyCheckoutPage" class="testCases.TC007_CheckoutPageTest"/>
      </group> <!-- Smoke -->
    </groups>
    <test started-at="2026-04-15T09:47:13 IST" name="Test" finished-at="2026-04-15T09:49:23 IST" duration-ms="129276">
      <class name="testCases.TC003_HeaderTest">
        <test-method is-config="true" signature="setup(java.lang.String,java.lang.String)[pri:0, instance:testCases.TC003_HeaderTest@531f4093]" started-at="2026-04-15T09:47:40 IST" name="setup" finished-at="2026-04-15T09:47:42 IST" duration-ms="2030" status="PASS">
          <params>
            <param index="0">
              <value>
                <![CDATA[Windows]]>
              </value>
            </param>
            <param index="1">
              <value>
                <![CDATA[chrome]]>
              </value>
            </param>
          </params>
          <reporter-output>
          </reporter-output>
        </test-method> <!-- setup -->
        <test-method signature="verifyHeaderSection()[pri:0, instance:testCases.TC003_HeaderTest@531f4093]" started-at="2026-04-15T09:47:42 IST" name="verifyHeaderSection" finished-at="2026-04-15T09:47:46 IST" duration-ms="3742" status="PASS">
          <reporter-output>
          </reporter-output>
        </test-method> <!-- verifyHeaderSection -->
        <test-method is-config="true" signature="tearDown()[pri:0, instance:testCases.TC003_HeaderTest@531f4093]" started-at="2026-04-15T09:47:46 IST" name="tearDown" finished-at="2026-04-15T09:47:46 IST" duration-ms="261" status="PASS">
          <reporter-output>
          </reporter-output>
        </test-method> <!-- tearDown -->
      </class> <!-- testCases.TC003_HeaderTest -->
      <class name="testCases.TC005_PrdctDscptnTest">
        <test-method is-config="true" signature="setup(java.lang.String,java.lang.String)[pri:0, instance:testCases.TC005_PrdctDscptnTest@6436a7db]" started-at="2026-04-15T09:47:52 IST" name="setup" finished-at="2026-04-15T09:47:55 IST" duration-ms="2226" status="PASS">
          <params>
            <param index="0">
              <value>
                <![CDATA[Windows]]>
              </value>
            </param>
            <param index="1">
              <value>
                <![CDATA[chrome]]>
              </value>
            </param>
          </params>
          <reporter-output>
          </reporter-output>
        </test-method> <!-- setup -->
        <test-method signature="verifyPrdctDscptnPage()[pri:0, instance:testCases.TC005_PrdctDscptnTest@6436a7db]" started-at="2026-04-15T09:47:55 IST" name="verifyPrdctDscptnPage" finished-at="2026-04-15T09:48:00 IST" duration-ms="5935" status="PASS">
          <reporter-output>
          </reporter-output>
        </test-method> <!-- verifyPrdctDscptnPage -->
        <test-method is-config="true" signature="tearDown()[pri:0, instance:testCases.TC005_PrdctDscptnTest@6436a7db]" started-at="2026-04-15T09:48:00 IST" name="tearDown" finished-at="2026-04-15T09:48:01 IST" duration-ms="312" status="PASS">
          <reporter-output>
          </reporter-output>
        </test-method> <!-- tearDown -->
      </class> <!-- testCases.TC005_PrdctDscptnTest -->
      <class name="testCases.TC002_LoginTest">
        <test-method is-config="true" signature="setup(java.lang.String,java.lang.String)[pri:0, instance:testCases.TC002_LoginTest@42bc14c1]" started-at="2026-04-15T09:47:35 IST" name="setup" finished-at="2026-04-15T09:47:37 IST" duration-ms="2059" status="PASS">
          <params>
            <param index="0">
              <value>
                <![CDATA[Windows]]>
              </value>
            </param>
            <param index="1">
              <value>
                <![CDATA[chrome]]>
              </value>
            </param>
          </params>
          <reporter-output>
          </reporter-output>
        </test-method> <!-- setup -->
        <test-method signature="verify_loginPage()[pri:0, instance:testCases.TC002_LoginTest@42bc14c1]" started-at="2026-04-15T09:47:37 IST" name="verify_loginPage" finished-at="2026-04-15T09:47:40 IST" duration-ms="2651" status="PASS">
          <reporter-output>
          </reporter-output>
        </test-method> <!-- verify_loginPage -->
        <test-method is-config="true" signature="tearDown()[pri:0, instance:testCases.TC002_LoginTest@42bc14c1]" started-at="2026-04-15T09:47:40 IST" name="tearDown" finished-at="2026-04-15T09:47:40 IST" duration-ms="270" status="PASS">
          <reporter-output>
          </reporter-output>
        </test-method> <!-- tearDown -->
      </class> <!-- testCases.TC002_LoginTest -->
      <class name="testCases.TC004_ProductPageTest">
        <test-method is-config="true" signature="setup(java.lang.String,java.lang.String)[pri:0, instance:testCases.TC004_ProductPageTest@62ef27a8]" started-at="2026-04-15T09:47:46 IST" name="setup" finished-at="2026-04-15T09:47:48 IST" duration-ms="2146" status="PASS">
          <params>
            <param index="0">
              <value>
                <![CDATA[Windows]]>
              </value>
            </param>
            <param index="1">
              <value>
                <![CDATA[chrome]]>
              </value>
            </param>
          </params>
          <reporter-output>
          </reporter-output>
        </test-method> <!-- setup -->
        <test-method signature="verifyProductPage()[pri:0, instance:testCases.TC004_ProductPageTest@62ef27a8]" started-at="2026-04-15T09:47:48 IST" name="verifyProductPage" finished-at="2026-04-15T09:47:52 IST" duration-ms="3832" status="PASS">
          <reporter-output>
          </reporter-output>
        </test-method> <!-- verifyProductPage -->
        <test-method is-config="true" signature="tearDown()[pri:0, instance:testCases.TC004_ProductPageTest@62ef27a8]" started-at="2026-04-15T09:47:52 IST" name="tearDown" finished-at="2026-04-15T09:47:52 IST" duration-ms="311" status="PASS">
          <reporter-output>
          </reporter-output>
        </test-method> <!-- tearDown -->
      </class> <!-- testCases.TC004_ProductPageTest -->
      <class name="testCases.TC006_ShoppingCartTest">
        <test-method is-config="true" signature="setup(java.lang.String,java.lang.String)[pri:0, instance:testCases.TC006_ShoppingCartTest@460ebd80]" started-at="2026-04-15T09:48:01 IST" name="setup" finished-at="2026-04-15T09:48:03 IST" duration-ms="2144" status="PASS">
          <params>
            <param index="0">
              <value>
                <![CDATA[Windows]]>
              </value>
            </param>
            <param index="1">
              <value>
                <![CDATA[chrome]]>
              </value>
            </param>
          </params>
          <reporter-output>
          </reporter-output>
        </test-method> <!-- setup -->
        <test-method signature="verifyShoppingCart()[pri:0, instance:testCases.TC006_ShoppingCartTest@460ebd80]" started-at="2026-04-15T09:48:03 IST" name="verifyShoppingCart" finished-at="2026-04-15T09:48:08 IST" duration-ms="5101" status="FAIL">
          <exception class="java.lang.AssertionError">
            <message>
              <![CDATA[null]]>
            </message>
            <full-stacktrace>
              <![CDATA[java.lang.AssertionError: null
at org.testng.Assert.fail(Assert.java:111)
at org.testng.Assert.fail(Assert.java:116)
at testCases.TC006_ShoppingCartTest.verifyShoppingCart(TC006_ShoppingCartTest.java:62)
at java.base/jdk.internal.reflect.DirectMethodHandleAccessor.invoke(DirectMethodHandleAccessor.java:103)
at java.base/java.lang.reflect.Method.invoke(Method.java:580)
at org.testng.internal.invokers.MethodInvocationHelper.invokeMethod(MethodInvocationHelper.java:141)
at org.testng.internal.invokers.TestInvoker.invokeMethod(TestInvoker.java:697)
at org.testng.internal.invokers.TestInvoker.invokeTestMethod(TestInvoker.java:230)
at org.testng.internal.invokers.MethodRunner.runInSequence(MethodRunner.java:63)
at org.testng.internal.invokers.TestInvoker$MethodInvocationAgent.invoke(TestInvoker.java:1005)
at org.testng.internal.invokers.TestInvoker.invokeTestMethods(TestInvoker.java:203)
at org.testng.internal.invokers.TestMethodWorker.invokeTestMethods(TestMethodWorker.java:154)
at org.testng.internal.invokers.TestMethodWorker.run(TestMethodWorker.java:134)
at java.base/java.util.ArrayList.forEach(ArrayList.java:1596)
at org.testng.TestRunner.privateRun(TestRunner.java:744)
at org.testng.TestRunner.run(TestRunner.java:616)
at org.testng.SuiteRunner.runTest(SuiteRunner.java:421)
at org.testng.SuiteRunner.runSequentially(SuiteRunner.java:413)
at org.testng.SuiteRunner.privateRun(SuiteRunner.java:373)
at org.testng.SuiteRunner.run(SuiteRunner.java:312)
at org.testng.SuiteRunnerWorker.runSuite(SuiteRunnerWorker.java:52)
at org.testng.SuiteRunnerWorker.run(SuiteRunnerWorker.java:95)
at org.testng.TestNG.runSuitesSequentially(TestNG.java:1274)
at org.testng.TestNG.runSuitesLocally(TestNG.java:1208)
at org.testng.TestNG.runSuites(TestNG.java:1112)
at org.testng.TestNG.run(TestNG.java:1079)
at org.testng.remote.AbstractRemoteTestNG.run(AbstractRemoteTestNG.java:115)
at org.testng.remote.RemoteTestNG.initAndRun(RemoteTestNG.java:293)
at org.testng.remote.RemoteTestNG.main(RemoteTestNG.java:91)
]]>
            </full-stacktrace>
          </exception> <!-- java.lang.AssertionError -->
          <reporter-output>
          </reporter-output>
        </test-method> <!-- verifyShoppingCart -->
        <test-method is-config="true" signature="tearDown()[pri:0, instance:testCases.TC006_ShoppingCartTest@460ebd80]" started-at="2026-04-15T09:48:08 IST" name="tearDown" finished-at="2026-04-15T09:48:09 IST" duration-ms="346" status="PASS">
          <reporter-output>
          </reporter-output>
        </test-method> <!-- tearDown -->
      </class> <!-- testCases.TC006_ShoppingCartTest -->
      <class name="testCases.TC007_CheckoutPageTest">
        <test-method is-config="true" signature="setup(java.lang.String,java.lang.String)[pri:0, instance:testCases.TC007_CheckoutPageTest@6f3c660a]" started-at="2026-04-15T09:48:09 IST" name="setup" finished-at="2026-04-15T09:48:11 IST" duration-ms="2307" status="PASS">
          <params>
            <param index="0">
              <value>
                <![CDATA[Windows]]>
              </value>
            </param>
            <param index="1">
              <value>
                <![CDATA[chrome]]>
              </value>
            </param>
          </params>
          <reporter-output>
          </reporter-output>
        </test-method> <!-- setup -->
        <test-method signature="verifyCheckoutPage()[pri:0, instance:testCases.TC007_CheckoutPageTest@6f3c660a]" started-at="2026-04-15T09:48:11 IST" name="verifyCheckoutPage" finished-at="2026-04-15T09:48:29 IST" duration-ms="17729" status="PASS">
          <reporter-output>
          </reporter-output>
        </test-method> <!-- verifyCheckoutPage -->
        <test-method is-config="true" signature="tearDown()[pri:0, instance:testCases.TC007_CheckoutPageTest@6f3c660a]" started-at="2026-04-15T09:48:29 IST" name="tearDown" finished-at="2026-04-15T09:48:29 IST" duration-ms="628" status="PASS">
          <reporter-output>
          </reporter-output>
        </test-method> <!-- tearDown -->
      </class> <!-- testCases.TC007_CheckoutPageTest -->
      <class name="testCases.TC008_LoginDDT">
        <test-method is-config="true" signature="setup(java.lang.String,java.lang.String)[pri:0, instance:testCases.TC008_LoginDDT@74f5ce22]" started-at="2026-04-15T09:48:29 IST" name="setup" finished-at="2026-04-15T09:48:32 IST" duration-ms="2234" status="PASS">
          <params>
            <param index="0">
              <value>
                <![CDATA[Windows]]>
              </value>
            </param>
            <param index="1">
              <value>
                <![CDATA[chrome]]>
              </value>
            </param>
          </params>
          <reporter-output>
          </reporter-output>
        </test-method> <!-- setup -->
        <test-method signature="verify_LoginDDT(java.lang.String,java.lang.String,java.lang.String)[pri:0, instance:testCases.TC008_LoginDDT@74f5ce22]" started-at="2026-04-15T09:48:34 IST" name="verify_LoginDDT" data-provider="LoginData" finished-at="2026-04-15T09:48:45 IST" duration-ms="11618" status="PASS">
          <params>
            <param index="0">
              <value>
                <![CDATA[laksh@yahoo.com]]>
              </value>
            </param>
            <param index="1">
              <value>
                <![CDATA[Lakshmi]]>
              </value>
            </param>
            <param index="2">
              <value>
                <![CDATA[Invalid]]>
              </value>
            </param>
          </params>
          <reporter-output>
          </reporter-output>
        </test-method> <!-- verify_LoginDDT -->
        <test-method signature="verify_LoginDDT(java.lang.String,java.lang.String,java.lang.String)[pri:0, instance:testCases.TC008_LoginDDT@74f5ce22]" started-at="2026-04-15T09:48:46 IST" name="verify_LoginDDT" data-provider="LoginData" finished-at="2026-04-15T09:48:48 IST" duration-ms="2791" status="PASS">
          <params>
            <param index="0">
              <value>
                <![CDATA[admin.a@gmail.com]]>
              </value>
            </param>
            <param index="1">
              <value>
                <![CDATA[Random@143]]>
              </value>
            </param>
            <param index="2">
              <value>
                <![CDATA[Valid]]>
              </value>
            </param>
          </params>
          <reporter-output>
          </reporter-output>
        </test-method> <!-- verify_LoginDDT -->
        <test-method signature="verify_LoginDDT(java.lang.String,java.lang.String,java.lang.String)[pri:0, instance:testCases.TC008_LoginDDT@74f5ce22]" started-at="2026-04-15T09:48:48 IST" name="verify_LoginDDT" data-provider="LoginData" finished-at="2026-04-15T09:49:00 IST" duration-ms="11461" status="PASS">
          <params>
            <param index="0">
              <value>
                <![CDATA[laks@yahoo.com]]>
              </value>
            </param>
            <param index="1">
              <value>
                <![CDATA[xyz]]>
              </value>
            </param>
            <param index="2">
              <value>
                <![CDATA[Invalid]]>
              </value>
            </param>
          </params>
          <reporter-output>
          </reporter-output>
        </test-method> <!-- verify_LoginDDT -->
        <test-method signature="verify_LoginDDT(java.lang.String,java.lang.String,java.lang.String)[pri:0, instance:testCases.TC008_LoginDDT@74f5ce22]" started-at="2026-04-15T09:49:00 IST" name="verify_LoginDDT" data-provider="LoginData" finished-at="2026-04-15T09:49:11 IST" duration-ms="11072" status="PASS">
          <params>
            <param index="0">
              <value>
                <![CDATA[abc123@gmail.com]]>
              </value>
            </param>
            <param index="1">
              <value>
                <![CDATA[test@123]]>
              </value>
            </param>
            <param index="2">
              <value>
                <![CDATA[Invalid]]>
              </value>
            </param>
          </params>
          <reporter-output>
          </reporter-output>
        </test-method> <!-- verify_LoginDDT -->
        <test-method signature="verify_LoginDDT(java.lang.String,java.lang.String,java.lang.String)[pri:0, instance:testCases.TC008_LoginDDT@74f5ce22]" started-at="2026-04-15T09:49:11 IST" name="verify_LoginDDT" data-provider="LoginData" finished-at="2026-04-15T09:49:22 IST" duration-ms="11484" status="PASS">
          <params>
            <param index="0">
              <value>
                <![CDATA[]]>
              </value>
            </param>
            <param index="1">
              <value>
                <![CDATA[test@123]]>
              </value>
            </param>
            <param index="2">
              <value>
                <![CDATA[Invalid]]>
              </value>
            </param>
          </params>
          <reporter-output>
          </reporter-output>
        </test-method> <!-- verify_LoginDDT -->
        <test-method is-config="true" signature="tearDown()[pri:0, instance:testCases.TC008_LoginDDT@74f5ce22]" started-at="2026-04-15T09:49:22 IST" name="tearDown" finished-at="2026-04-15T09:49:23 IST" duration-ms="431" status="PASS">
          <reporter-output>
          </reporter-output>
        </test-method> <!-- tearDown -->
      </class> <!-- testCases.TC008_LoginDDT -->
      <class name="testCases.TC001_AccountRegistrationTest">
        <test-method is-config="true" signature="setup(java.lang.String,java.lang.String)[pri:0, instance:testCases.TC001_AccountRegistrationTest@2ea6e30c]" started-at="2026-04-15T09:47:14 IST" name="setup" finished-at="2026-04-15T09:47:28 IST" duration-ms="14383" status="PASS">
          <params>
            <param index="0">
              <value>
                <![CDATA[Windows]]>
              </value>
            </param>
            <param index="1">
              <value>
                <![CDATA[chrome]]>
              </value>
            </param>
          </params>
          <reporter-output>
          </reporter-output>
        </test-method> <!-- setup -->
        <test-method signature="verify_Account_Registration()[pri:0, instance:testCases.TC001_AccountRegistrationTest@2ea6e30c]" started-at="2026-04-15T09:47:28 IST" name="verify_Account_Registration" finished-at="2026-04-15T09:47:35 IST" duration-ms="6364" status="PASS">
          <reporter-output>
          </reporter-output>
        </test-method> <!-- verify_Account_Registration -->
        <test-method is-config="true" signature="tearDown()[pri:0, instance:testCases.TC001_AccountRegistrationTest@2ea6e30c]" started-at="2026-04-15T09:47:35 IST" name="tearDown" finished-at="2026-04-15T09:47:35 IST" duration-ms="254" status="PASS">
          <reporter-output>
          </reporter-output>
        </test-method> <!-- tearDown -->
      </class> <!-- testCases.TC001_AccountRegistrationTest -->
    </test> <!-- Test -->
  </suite> <!-- Master Suite -->
</testng-results>
