<?xml version="1.0" encoding="UTF-8"?>
<testng-results ignored="0" total="4" passed="4" failed="0" skipped="0">
  <reporter-output>
  </reporter-output>
  <suite started-at="2026-04-13T11:20:50 IST" name="Master Suite" finished-at="2026-04-13T11:21:57 IST" duration-ms="66895">
    <groups>
      <group name="Regession">
        <method signature="TC002_LoginTest.verify_loginPage()[pri:0, instance:testCases.TC002_LoginTest@1b7c473a]" name="verify_loginPage" class="testCases.TC002_LoginTest"/>
        <method signature="TC002_LoginTest.verify_loginPage()[pri:0, instance:testCases.TC002_LoginTest@4b14918a]" name="verify_loginPage" class="testCases.TC002_LoginTest"/>
      </group> <!-- Regession -->
      <group name="Master">
        <method signature="TC001_AccountRegistrationTest.verify_Account_Registration()[pri:0, instance:testCases.TC001_AccountRegistrationTest@34f22f9d]" name="verify_Account_Registration" class="testCases.TC001_AccountRegistrationTest"/>
        <method signature="TC001_AccountRegistrationTest.verify_Account_Registration()[pri:0, instance:testCases.TC001_AccountRegistrationTest@4748a0f9]" name="verify_Account_Registration" class="testCases.TC001_AccountRegistrationTest"/>
      </group> <!-- Master -->
      <group name="Smoke">
        <method signature="TC002_LoginTest.verify_loginPage()[pri:0, instance:testCases.TC002_LoginTest@1b7c473a]" name="verify_loginPage" class="testCases.TC002_LoginTest"/>
        <method signature="TC002_LoginTest.verify_loginPage()[pri:0, instance:testCases.TC002_LoginTest@4b14918a]" name="verify_loginPage" class="testCases.TC002_LoginTest"/>
      </group> <!-- Smoke -->
    </groups>
    <test started-at="2026-04-13T11:20:50 IST" name="Linux-Chrome" finished-at="2026-04-13T11:21:19 IST" duration-ms="29205">
      <class name="testCases.TC002_LoginTest">
        <test-method is-config="true" signature="setup(java.lang.String,java.lang.String)[pri:0, instance:testCases.TC002_LoginTest@1b7c473a]" started-at="2026-04-13T11:21:15 IST" name="setup" finished-at="2026-04-13T11:21:17 IST" duration-ms="1600" status="PASS">
          <params>
            <param index="0">
              <value>
                <![CDATA[Linux]]>
              </value>
            </param>
            <param index="1">
              <value>
                <![CDATA[chrome]]>
              </value>
            </param>
          </params>
          <reporter-output>
          </reporter-output>
        </test-method> <!-- setup -->
        <test-method signature="verify_loginPage()[pri:0, instance:testCases.TC002_LoginTest@1b7c473a]" started-at="2026-04-13T11:21:17 IST" name="verify_loginPage" finished-at="2026-04-13T11:21:19 IST" duration-ms="2545" status="PASS">
          <reporter-output>
          </reporter-output>
        </test-method> <!-- verify_loginPage -->
        <test-method is-config="true" signature="tearDown()[pri:0, instance:testCases.TC002_LoginTest@1b7c473a]" started-at="2026-04-13T11:21:19 IST" name="tearDown" finished-at="2026-04-13T11:21:19 IST" duration-ms="105" status="PASS">
          <reporter-output>
          </reporter-output>
        </test-method> <!-- tearDown -->
      </class> <!-- testCases.TC002_LoginTest -->
      <class name="testCases.TC001_AccountRegistrationTest">
        <test-method is-config="true" signature="setup(java.lang.String,java.lang.String)[pri:0, instance:testCases.TC001_AccountRegistrationTest@34f22f9d]" started-at="2026-04-13T11:20:50 IST" name="setup" finished-at="2026-04-13T11:21:07 IST" duration-ms="17175" status="PASS">
          <params>
            <param index="0">
              <value>
                <![CDATA[Linux]]>
              </value>
            </param>
            <param index="1">
              <value>
                <![CDATA[chrome]]>
              </value>
            </param>
          </params>
          <reporter-output>
          </reporter-output>
        </test-method> <!-- setup -->
        <test-method signature="verify_Account_Registration()[pri:0, instance:testCases.TC001_AccountRegistrationTest@34f22f9d]" started-at="2026-04-13T11:21:07 IST" name="verify_Account_Registration" finished-at="2026-04-13T11:21:15 IST" duration-ms="7236" status="PASS">
          <reporter-output>
          </reporter-output>
        </test-method> <!-- verify_Account_Registration -->
        <test-method is-config="true" signature="tearDown()[pri:0, instance:testCases.TC001_AccountRegistrationTest@34f22f9d]" started-at="2026-04-13T11:21:15 IST" name="tearDown" finished-at="2026-04-13T11:21:15 IST" duration-ms="154" status="PASS">
          <reporter-output>
          </reporter-output>
        </test-method> <!-- tearDown -->
      </class> <!-- testCases.TC001_AccountRegistrationTest -->
    </test> <!-- Linux-Chrome -->
    <test started-at="2026-04-13T11:21:21 IST" name="Linux-Firefox" finished-at="2026-04-13T11:21:57 IST" duration-ms="35405">
      <class name="testCases.TC002_LoginTest">
        <test-method is-config="true" signature="setup(java.lang.String,java.lang.String)[pri:0, instance:testCases.TC002_LoginTest@4b14918a]" started-at="2026-04-13T11:21:48 IST" name="setup" finished-at="2026-04-13T11:21:53 IST" duration-ms="4896" status="PASS">
          <params>
            <param index="0">
              <value>
                <![CDATA[Linux]]>
              </value>
            </param>
            <param index="1">
              <value>
                <![CDATA[firefox]]>
              </value>
            </param>
          </params>
          <reporter-output>
          </reporter-output>
        </test-method> <!-- setup -->
        <test-method signature="verify_loginPage()[pri:0, instance:testCases.TC002_LoginTest@4b14918a]" started-at="2026-04-13T11:21:53 IST" name="verify_loginPage" finished-at="2026-04-13T11:21:55 IST" duration-ms="2434" status="PASS">
          <reporter-output>
          </reporter-output>
        </test-method> <!-- verify_loginPage -->
        <test-method is-config="true" signature="tearDown()[pri:0, instance:testCases.TC002_LoginTest@4b14918a]" started-at="2026-04-13T11:21:55 IST" name="tearDown" finished-at="2026-04-13T11:21:57 IST" duration-ms="1870" status="PASS">
          <reporter-output>
          </reporter-output>
        </test-method> <!-- tearDown -->
      </class> <!-- testCases.TC002_LoginTest -->
      <class name="testCases.TC001_AccountRegistrationTest">
        <test-method is-config="true" signature="setup(java.lang.String,java.lang.String)[pri:0, instance:testCases.TC001_AccountRegistrationTest@4748a0f9]" started-at="2026-04-13T11:21:21 IST" name="setup" finished-at="2026-04-13T11:21:39 IST" duration-ms="17325" status="PASS">
          <params>
            <param index="0">
              <value>
                <![CDATA[Linux]]>
              </value>
            </param>
            <param index="1">
              <value>
                <![CDATA[firefox]]>
              </value>
            </param>
          </params>
          <reporter-output>
          </reporter-output>
        </test-method> <!-- setup -->
        <test-method signature="verify_Account_Registration()[pri:0, instance:testCases.TC001_AccountRegistrationTest@4748a0f9]" started-at="2026-04-13T11:21:39 IST" name="verify_Account_Registration" finished-at="2026-04-13T11:21:46 IST" duration-ms="7451" status="PASS">
          <reporter-output>
          </reporter-output>
        </test-method> <!-- verify_Account_Registration -->
        <test-method is-config="true" signature="tearDown()[pri:0, instance:testCases.TC001_AccountRegistrationTest@4748a0f9]" started-at="2026-04-13T11:21:46 IST" name="tearDown" finished-at="2026-04-13T11:21:48 IST" duration-ms="1404" status="PASS">
          <reporter-output>
          </reporter-output>
        </test-method> <!-- tearDown -->
      </class> <!-- testCases.TC001_AccountRegistrationTest -->
    </test> <!-- Linux-Firefox -->
  </suite> <!-- Master Suite -->
</testng-results>
