<?xml version="1.0" encoding="UTF-8"?>
<!-- Generated by org.testng.reporters.JUnitReportReporter -->
<testsuite hostname="SAVI" failures="0" tests="2" name="testCases.TC001_AccountRegistrationTest" time="14.687" errors="0" timestamp="2026-04-13T11:21:59 IST" skipped="0">
  <testcase classname="testCases.TC001_AccountRegistrationTest" name="verify_Account_Registration" time="7.451"/>
  <testcase classname="testCases.TC001_AccountRegistrationTest" name="verify_Account_Registration" time="7.236"/>
</testsuite> <!-- testCases.TC001_AccountRegistrationTest -->
