<?xml version="1.0" encoding="UTF-8"?>
<!-- Generated by org.testng.reporters.JUnitReportReporter -->
<testsuite hostname="SAVI" failures="0" tests="5" name="testCases.TC008_LoginDDT" time="48.426" errors="0" timestamp="2026-04-15T09:49:25 IST" skipped="0">
  <testcase classname="testCases.TC008_LoginDDT" name="verify_LoginDDT" time="11.072"/>
  <testcase classname="testCases.TC008_LoginDDT" name="verify_LoginDDT" time="11.618"/>
  <testcase classname="testCases.TC008_LoginDDT" name="verify_LoginDDT" time="2.791"/>
  <testcase classname="testCases.TC008_LoginDDT" name="verify_LoginDDT" time="11.461"/>
  <testcase classname="testCases.TC008_LoginDDT" name="verify_LoginDDT" time="11.484"/>
</testsuite> <!-- testCases.TC008_LoginDDT -->
