<?xml version="1.0" encoding="UTF-8"?>
<!-- Generated by org.testng.reporters.JUnitReportReporter -->
<testsuite hostname="SAVI" failures="0" tests="7" name="testCases.TC008_LoginDDT" time="79.318" errors="0" timestamp="2026-04-08T09:26:37 IST" skipped="0">
  <testcase classname="testCases.TC008_LoginDDT" name="verify_LoginDDT" time="11.690"/>
  <testcase classname="testCases.TC008_LoginDDT" name="verify_LoginDDT" time="13.141"/>
  <testcase classname="testCases.TC008_LoginDDT" name="verify_LoginDDT" time="3.873"/>
  <testcase classname="testCases.TC008_LoginDDT" name="verify_LoginDDT" time="12.341"/>
  <testcase classname="testCases.TC008_LoginDDT" name="verify_LoginDDT" time="12.378"/>
  <testcase classname="testCases.TC008_LoginDDT" name="verify_LoginDDT" time="12.773"/>
  <testcase classname="testCases.TC008_LoginDDT" name="verify_LoginDDT" time="13.122"/>
</testsuite> <!-- testCases.TC008_LoginDDT -->
