<?xml version="1.0" encoding="UTF-8"?>
<!-- Generated by org.testng.reporters.JUnitXMLReporter -->
<testsuite ignored="0" hostname="SAVI" failures="1" tests="1" name="Test(failed)(failed)" time="6.421" errors="0" timestamp="2026-04-07T14:01:17 IST">
  <testcase classname="testCases.TC006_ShoppingCartTest" name="verifyShoppingCart" time="0.958">
    <failure type="java.lang.AssertionError" message="null">
      <![CDATA[java.lang.AssertionError: null
at testCases.TC006_ShoppingCartTest.verifyShoppingCart(TC006_ShoppingCartTest.java:62)
at java.base/java.util.ArrayList.forEach(ArrayList.java:1596)
... Removed 27 stack frames]]>
    </failure>
  </testcase> <!-- verifyShoppingCart -->
</testsuite> <!-- Test(failed)(failed) -->
